<?xml version="1.0" encoding="utf-8"?><testsuites name="pytest tests"><testsuite name="pytest" errors="0" failures="4" skipped="0" tests="16" time="17.889" timestamp="2026-09-01T20:20:16.320308+00:00" hostname="agent-env-d758de89-4cb5-465e-89d9-f4efe323085f"><testcase classname="tests.backend_test.TestTranscribeAudio" name="test_get_not_allowed" time="0.253" /><testcase classname="tests.backend_test.TestTranscribeAudio" name="test_post_without_file" time="0.169" /><testcase classname="tests.backend_test.TestTranscribeAudio" name="test_post_real_audio" time="0.947" /><testcase classname="tests.backend_test.TestAI" name="test_summary" time="6.964" /><testcase classname="tests.backend_test.TestAI" name="test_generate_test" time="6.077" /><testcase classname="tests.backend_test.TestNormalization" name="test_norm_preserves_cyrillic" time="1.825"><failure message="AssertionError: ''&#10;assert '' == 'хлорофилл'&#10;  &#10;  - хлорофилл">tests/backend_test.py:238: in test_norm_preserves_cyrillic
    assert _norm("Хлорофилл") == "хлорофилл", repr(_norm("Хлорофилл"))
E   AssertionError: ''
E   assert '' == 'хлорофилл'
E     
E     - хлорофилл</failure></testcase><testcase classname="tests.backend_test.TestSpacedRepetition" name="test_grade_all_wrong_creates_review_items" time="14.948" /><testcase classname="tests.backend_test.TestSpacedRepetition" name="test_review_stats" time="0.099" /><testcase classname="tests.backend_test.TestSpacedRepetition" name="test_review_answer_correct_doubles_interval" time="0.210" /><testcase classname="tests.backend_test.TestSpacedRepetition" name="test_review_answer_wrong_resets" time="0.101" /><testcase classname="tests.backend_test.TestSpacedRepetition" name="test_short_answer_cyrillic_is_graded_correct" time="0.107"><failure message="AssertionError: exact answer 'хлоропласт' graded wrong -&gt; Cyrillic stripped by _norm&#10;assert False is True">tests/backend_test.py:171: in test_short_answer_cyrillic_is_graded_correct
    assert d["is_correct"] is True, (
E   AssertionError: exact answer 'хлоропласт' graded wrong -&gt; Cyrillic stripped by _norm
E   assert False is True</failure></testcase><testcase classname="tests.backend_test.TestSpacedRepetition" name="test_grade_all_correct_scores_100" time="0.134"><failure message="AssertionError: score=75, wrongly-marked: ['хлоропласт', 'хемиосмос']&#10;assert 75 == 100">tests/backend_test.py:184: in test_grade_all_correct_scores_100
    assert att["score"] == 100, (
E   AssertionError: score=75, wrongly-marked: ['хлоропласт', 'хемиосмос']
E   assert 75 == 100</failure></testcase><testcase classname="tests.backend_test.TestSpacedRepetition" name="test_review_answer_404" time="0.108" /><testcase classname="tests.backend_test.TestSpacedRepetition" name="test_review_answer_validation" time="0.210" /><testcase classname="tests.backend_test.TestNormalization" name="test_cyrillic_short_answer_marked_correct" time="0.553"><failure message="AssertionError: exact Cyrillic answer 'строма' graded WRONG&#10;assert False is True">tests/backend_test.py:255: in test_cyrillic_short_answer_marked_correct
    assert r.json()["is_correct"] is True, (
E   AssertionError: exact Cyrillic answer 'строма' graded WRONG
E   assert False is True</failure></testcase><testcase classname="tests.backend_test.TestConfig" name="test_config" time="0.110" /></testsuite></testsuites>