<?xml version="1.0" encoding="utf-8"?><testsuites name="pytest tests"><testsuite name="pytest" errors="0" failures="1" skipped="0" tests="35" time="9.164" timestamp="2026-09-03T12:54:16.292018+00:00" hostname="agent-env-d758de89-4cb5-465e-89d9-f4efe323085f"><testcase classname="tests.test_iteration5_auth.TestNoPublicLeak" name="test_requires_auth[GET-/lectures]" time="0.535" /><testcase classname="tests.test_iteration5_auth.TestAuth" name="test_register_sets_cookies_and_returns_user" time="0.587" /><testcase classname="tests.test_iteration5_auth.TestNoPublicLeak" name="test_requires_auth[POST-/lectures]" time="0.158" /><testcase classname="tests.test_iteration5_auth.TestNoPublicLeak" name="test_requires_auth[GET-/stats]" time="0.255" /><testcase classname="tests.test_iteration5_auth.TestNoPublicLeak" name="test_requires_auth[GET-/glossary/all]" time="0.219" /><testcase classname="tests.test_iteration5_auth.TestAuth" name="test_register_duplicate_409" time="0.496" /><testcase classname="tests.test_iteration5_auth.TestAuth" name="test_register_short_password_422" time="0.133" /><testcase classname="tests.test_iteration5_auth.TestNoPublicLeak" name="test_requires_auth[GET-/review/due]" time="0.139" /><testcase classname="tests.test_iteration5_auth.TestAuth" name="test_register_bad_email_422" time="0.125" /><testcase classname="tests.test_iteration5_auth.TestNoPublicLeak" name="test_requires_auth[GET-/review/stats]" time="0.376" /><testcase classname="tests.test_iteration5_auth.TestAuth" name="test_login_success" time="0.344" /><testcase classname="tests.test_iteration5_auth.TestNoPublicLeak" name="test_requires_auth[POST-/review/seed-now]" time="0.134" /><testcase classname="tests.test_iteration5_auth.TestAuth" name="test_login_wrong_password_401" time="0.453" /><testcase classname="tests.test_iteration5_auth.TestNoPublicLeak" name="test_requires_auth[GET-/digest/preview]" time="0.312" /><testcase classname="tests.test_iteration5_auth.TestNoPublicLeak" name="test_requires_auth[POST-/digest/send]" time="0.140" /><testcase classname="tests.test_iteration5_auth.TestAuth" name="test_login_unknown_email_401" time="0.190" /><testcase classname="tests.test_iteration5_auth.TestNoPublicLeak" name="test_requires_auth[POST-/streak/freeze]" time="0.116" /><testcase classname="tests.test_iteration5_auth.TestAuth" name="test_me_without_cookie_401" time="0.122" /><testcase classname="tests.test_iteration5_auth.TestNoPublicLeak" name="test_requires_auth[POST-/auth/logout]" time="0.136" /><testcase classname="tests.test_iteration5_auth.TestAuth" name="test_me_bearer_fallback" time="0.133" /><testcase classname="tests.test_iteration5_auth.TestAuth" name="test_me_invalid_token_401" time="0.373" /><testcase classname="tests.test_iteration5_auth.TestAuth" name="test_refresh_issues_new_access_token" time="0.787" /><testcase classname="tests.test_iteration5_auth.TestIsolation" name="test_new_user_has_no_lectures" time="0.597" /><testcase classname="tests.test_iteration5_auth.TestIsolation" name="test_lectures_scoped_and_cross_access_404" time="1.649" /><testcase classname="tests.test_iteration5_auth.TestAuth" name="test_refresh_without_cookie_401" time="0.103" /><testcase classname="tests.test_iteration5_auth.TestAuth" name="test_access_token_not_accepted_as_refresh" time="0.192" /><testcase classname="tests.test_iteration5_auth.TestAuth" name="test_logout_clears_cookies" time="0.629" /><testcase classname="tests.test_iteration5_auth.TestAuth" name="test_bcrypt_hash_format" time="0.075" /><testcase classname="tests.test_iteration5_auth.TestAuth" name="test_brute_force_lockout" time="2.785"><failure message="AssertionError: no lockout after 6 failures, codes=[401, 401, 401, 401, 401, 401]&#10;assert (423 in [401, 401, 401, 401, 401, 401] or 429 in [401, 401, 401, 401, 401, 401])">tests/test_iteration5_auth.py:175: in test_brute_force_lockout
    assert 423 in codes or 429 in codes, f"no lockout after 6 failures, codes={codes}"
E   AssertionError: no lockout after 6 failures, codes=[401, 401, 401, 401, 401, 401]
E   assert (423 in [401, 401, 401, 401, 401, 401] or 429 in [401, 401, 401, 401, 401, 401])</failure></testcase><testcase classname="tests.test_iteration5_auth.TestIsolation" name="test_admin_sees_migrated_legacy_lectures" time="0.819" /><testcase classname="tests.test_iteration5_auth.TestStreakFreeze" name="test_stats_shape" time="0.099" /><testcase classname="tests.test_iteration5_auth.TestStreakFreeze" name="test_freeze_once_per_week" time="1.207" /><testcase classname="tests.test_iteration5_auth.TestRecordToken" name="test_record_token_and_mobile_flow" time="1.888" /><testcase classname="tests.test_iteration5_auth.TestPublicConfig" name="test_config_public" time="0.182" /><testcase classname="tests.test_iteration5_auth.TestPublicConfig" name="test_root_public" time="0.236" /></testsuite></testsuites>