<?xml version="1.0" encoding="utf-8"?><testsuites name="pytest tests"><testsuite name="pytest" errors="0" failures="0" skipped="0" tests="13" time="20.313" timestamp="2026-09-03T15:05:07.954811+00:00" hostname="agent-env-d758de89-4cb5-465e-89d9-f4efe323085f"><testcase classname="tests.test_iteration6_reset.TestForgotPassword" name="test_forgot_known_email" time="4.284" /><testcase classname="tests.test_iteration6_reset.TestForgotPassword" name="test_forgot_unknown_email_no_leak" time="0.079" /><testcase classname="tests.test_iteration6_reset.TestForgotPassword" name="test_forgot_invalid_email_422" time="0.078" /><testcase classname="tests.test_iteration6_reset.TestForgotPassword" name="test_resend_delivery_attempt_logged" time="2.584" /><testcase classname="tests.test_iteration6_reset.TestResetPassword" name="test_bad_token" time="0.092" /><testcase classname="tests.test_iteration6_reset.TestResetPassword" name="test_expired_token" time="0.089" /><testcase classname="tests.test_iteration6_reset.TestResetPassword" name="test_wrong_token_type" time="0.110" /><testcase classname="tests.test_iteration6_reset.TestResetPassword" name="test_short_password_rejected" time="0.074" /><testcase classname="tests.test_iteration6_reset.TestResetPassword" name="test_valid_token_resets_and_autologin" time="11.983" /><testcase classname="tests.test_iteration6_reset.TestEmergentSession" name="test_invalid_session_401" time="0.174" /><testcase classname="tests.test_iteration6_reset.TestEmergentSession" name="test_missing_session_id_422" time="0.076" /><testcase classname="tests.test_iteration6_reset.TestAuthRegression" name="test_login_and_me" time="0.516" /><testcase classname="tests.test_iteration6_reset.TestAuthRegression" name="test_config_reports_email_enabled" time="0.084" /></testsuite></testsuites>