<?xml version="1.0" encoding="utf-8"?><testsuites name="pytest tests"><testsuite name="pytest" errors="0" failures="0" skipped="1" tests="14" time="8.114" timestamp="2026-09-01T20:52:07.288645+00:00" hostname="agent-env-d758de89-4cb5-465e-89d9-f4efe323085f"><testcase classname="tests.test_iteration3.TestDigest" name="test_preview" time="0.349" /><testcase classname="tests.test_iteration3.TestDigest" name="test_send_empty_body" time="0.409" /><testcase classname="tests.test_iteration3.TestGlossary" name="test_generate_glossary" time="6.906" /><testcase classname="tests.test_iteration3.TestDigest" name="test_send_no_body_at_all" time="1.159"><skipped type="pytest.skip" message="no-body POST returns 422 (body required) - frontend sends {} so OK">/app/backend/tests/test_iteration3.py:202: no-body POST returns 422 (body required) - frontend sends {} so OK</skipped></testcase><testcase classname="tests.test_iteration3.TestDigest" name="test_send_explicit_recipient" time="1.261" /><testcase classname="tests.test_iteration3.TestTranscriptAppend" name="test_append_chunk" time="0.235" /><testcase classname="tests.test_iteration3.TestTranscriptAppend" name="test_replace_not_append" time="0.149" /><testcase classname="tests.test_iteration3.TestTranscriptAppend" name="test_append_404" time="0.079" /><testcase classname="tests.test_iteration3.TestConfigIter3" name="test_config_fields" time="0.204" /><testcase classname="tests.test_iteration3.TestGlossary" name="test_glossary_persisted_on_lecture" time="0.079" /><testcase classname="tests.test_iteration3.TestGlossary" name="test_glossary_terms_appear_in_transcript" time="0.092" /><testcase classname="tests.test_iteration3.TestGlossary" name="test_glossary_404" time="0.093" /><testcase classname="tests.test_iteration3.TestGlossary" name="test_glossary_400_no_transcript" time="0.167" /><testcase classname="tests.test_iteration3.TestGlossary" name="test_glossary_all_aggregated" time="0.248" /></testsuite></testsuites>