<?xml version="1.0" encoding="utf-8"?><testsuites name="pytest tests"><testsuite name="pytest" errors="0" failures="2" skipped="0" tests="30" time="33.144" timestamp="2026-09-03T12:55:41.640772+00:00" hostname="agent-env-d758de89-4cb5-465e-89d9-f4efe323085f"><testcase classname="tests.test_iteration3.TestGlossary" name="test_generate_glossary" time="5.992" /><testcase classname="tests.test_iteration3.TestGlossary" name="test_glossary_persisted_on_lecture" time="0.083" /><testcase classname="tests.test_iteration3.TestGlossary" name="test_glossary_terms_appear_in_transcript" time="0.077" /><testcase classname="tests.test_iteration3.TestGlossary" name="test_glossary_404" time="0.079" /><testcase classname="tests.test_iteration3.TestGlossary" name="test_glossary_400_no_transcript" time="0.165" /><testcase classname="tests.test_iteration3.TestGlossary" name="test_glossary_all_aggregated" time="0.080" /><testcase classname="tests.test_iteration3.TestDigest" name="test_preview" time="0.081" /><testcase classname="tests.test_iteration3.TestDigest" name="test_send_empty_body" time="0.333"><failure message="assert 'Resend' in '&lt;!DOCTYPE html&gt;\n&lt;!--[if lt IE 7]&gt; &lt;html class=&quot;no-js ie6 oldie&quot; lang=&quot;en-US&quot;&gt; &lt;![endif]--&gt;\n&lt;!--[if IE 7]&gt;    &lt;html ...nction(b){e(b);\'loading\'!==document.readyState&amp;&amp;(document.onreadystatechange=e,c())}}}})();&lt;/script&gt;&lt;/body&gt;\n&lt;/html&gt;'&#10; +  where '&lt;!DOCTYPE html&gt;\n&lt;!--[if lt IE 7]&gt; &lt;html class=&quot;no-js ie6 oldie&quot; lang=&quot;en-US&quot;&gt; &lt;![endif]--&gt;\n&lt;!--[if IE 7]&gt;    &lt;html ...nction(b){e(b);\'loading\'!==document.readyState&amp;&amp;(document.onreadystatechange=e,c())}}}})();&lt;/script&gt;&lt;/body&gt;\n&lt;/html&gt;' = &lt;Response [502]&gt;.text">tests/test_iteration3.py:209: in test_send_empty_body
    assert "Resend" in r.text
E   assert 'Resend' in '&lt;!DOCTYPE html&gt;\n&lt;!--[if lt IE 7]&gt; &lt;html class="no-js ie6 oldie" lang="en-US"&gt; &lt;![endif]--&gt;\n&lt;!--[if IE 7]&gt;    &lt;html ...nction(b){e(b);\'loading\'!==document.readyState&amp;&amp;(document.onreadystatechange=e,c())}}}})();&lt;/script&gt;&lt;/body&gt;\n&lt;/html&gt;'
E    +  where '&lt;!DOCTYPE html&gt;\n&lt;!--[if lt IE 7]&gt; &lt;html class="no-js ie6 oldie" lang="en-US"&gt; &lt;![endif]--&gt;\n&lt;!--[if IE 7]&gt;    &lt;html ...nction(b){e(b);\'loading\'!==document.readyState&amp;&amp;(document.onreadystatechange=e,c())}}}})();&lt;/script&gt;&lt;/body&gt;\n&lt;/html&gt;' = &lt;Response [502]&gt;.text</failure></testcase><testcase classname="tests.test_iteration3.TestDigest" name="test_send_no_body_at_all" time="1.548" /><testcase classname="tests.test_iteration3.TestDigest" name="test_send_explicit_recipient" time="1.458" /><testcase classname="tests.backend_test.TestTranscribeAudio" name="test_get_not_allowed" time="0.527" /><testcase classname="tests.backend_test.TestTranscribeAudio" name="test_post_without_file" time="0.070" /><testcase classname="tests.backend_test.TestTranscribeAudio" name="test_post_real_audio" time="1.095" /><testcase classname="tests.test_iteration3.TestTranscriptAppend" name="test_append_chunk" time="0.554" /><testcase classname="tests.test_iteration3.TestTranscriptAppend" name="test_replace_not_append" time="0.146" /><testcase classname="tests.test_iteration3.TestTranscriptAppend" name="test_append_404" time="0.227" /><testcase classname="tests.backend_test.TestAI" name="test_summary" time="11.747" /><testcase classname="tests.backend_test.TestSpacedRepetition" name="test_grade_all_wrong_creates_review_items" time="17.059" /><testcase classname="tests.backend_test.TestSpacedRepetition" name="test_review_stats" time="0.067" /><testcase classname="tests.backend_test.TestSpacedRepetition" name="test_review_answer_correct_doubles_interval" time="0.135" /><testcase classname="tests.backend_test.TestSpacedRepetition" name="test_review_answer_wrong_resets" time="0.073" /><testcase classname="tests.backend_test.TestSpacedRepetition" name="test_short_answer_cyrillic_is_graded_correct" time="0.067" /><testcase classname="tests.backend_test.TestSpacedRepetition" name="test_grade_all_correct_scores_100" time="0.071" /><testcase classname="tests.backend_test.TestSpacedRepetition" name="test_review_answer_404" time="0.067" /><testcase classname="tests.backend_test.TestSpacedRepetition" name="test_review_answer_validation" time="0.132" /><testcase classname="tests.backend_test.TestConfig" name="test_config" time="0.061" /><testcase classname="tests.test_iteration3.TestConfigIter3" name="test_config_fields" time="0.503"><failure message="KeyError: 'digest_email'">tests/test_iteration3.py:81: in test_config_fields
    assert d["digest_email"] == "workspace67676752@gmail.com", d
           ^^^^^^^^^^^^^^^^^
E   KeyError: 'digest_email'</failure></testcase><testcase classname="tests.backend_test.TestAI" name="test_generate_test" time="6.204" /><testcase classname="tests.backend_test.TestNormalization" name="test_norm_preserves_cyrillic" time="1.719" /><testcase classname="tests.backend_test.TestNormalization" name="test_cyrillic_short_answer_marked_correct" time="0.209" /></testsuite></testsuites>